<?xml version="1.0" encoding="UTF-8"?>
<!-- Generated by org.testng.reporters.JUnitReportReporter -->
<testsuite hostname="Ahmednaser-pc" failures="0" tests="1" name="RestAssured.Rest_Assured_Post" time="4.256" errors="0" timestamp="2022-08-28T00:20:08 EET" skipped="0">
  <testcase classname="RestAssured.Rest_Assured_Post" name="Post_testcase1" time="4.256"/>
  <system-out/>
</testsuite> <!-- RestAssured.Rest_Assured_Post -->
