<?xml version="1.0" encoding="UTF-8"?>
<!-- Generated by org.testng.reporters.JUnitReportReporter -->
<testsuite hostname="Ahmednaser-pc" failures="0" tests="1" name="RestAssured.RestAssuredDelete" time="4.005" errors="0" timestamp="2022-08-28T00:35:42 EET" skipped="0">
  <testcase classname="RestAssured.RestAssuredDelete" name="Delete_testcase1" time="4.005"/>
  <system-out/>
</testsuite> <!-- RestAssured.RestAssuredDelete -->
