<?xml version="1.0" encoding="UTF-8"?>
<!-- Generated by org.testng.reporters.JUnitReportReporter -->
<testsuite hostname="Ahmednaser-pc" failures="0" tests="1" name="RestAssured.RestAssuredPut" time="4.560" errors="0" timestamp="2022-08-28T00:26:21 EET" skipped="0">
  <testcase classname="RestAssured.RestAssuredPut" name="Post_testcase1_" time="4.560"/>
  <system-out/>
</testsuite> <!-- RestAssured.RestAssuredPut -->
