<?xml version="1.0" encoding="UTF-8"?>
<!-- Generated by org.testng.reporters.JUnitReportReporter -->
<testsuite hostname="Ahmednaser-pc" failures="0" tests="1" name="RestAssured.Rest_Assured_Get" time="6.364" errors="0" timestamp="2022-08-28T00:27:47 EET" skipped="0">
  <testcase classname="RestAssured.Rest_Assured_Get" name="Get_testcase1" time="6.364"/>
  <system-out/>
</testsuite> <!-- RestAssured.Rest_Assured_Get -->
